10/13/2014 19:16:22	This log contains information about the import schema operation into project 'UniDB' on computer 'ZABELLOA7' by user 'AlexeyZabello'.
10/13/2014 19:16:23	Import of database schema has started.
10/13/2014 19:16:27	Gathering database options
10/13/2014 19:16:27	Gathering users
10/13/2014 19:16:27	Gathering roles
10/13/2014 19:16:27	Gathering application roles
10/13/2014 19:16:27	Gathering role memberships
10/13/2014 19:16:27	Gathering filegroups
10/13/2014 19:16:27	Gathering full-text catalogs
10/13/2014 19:16:27	Gathering assemblies
10/13/2014 19:16:27	Gathering certificates
10/13/2014 19:16:27	Gathering asymmetric keys
10/13/2014 19:16:27	Gathering symmetric keys
10/13/2014 19:16:27	Gathering encrypted symmetric keys
10/13/2014 19:16:27	Gathering schemas
10/13/2014 19:16:27	Gathering XML schema collections
10/13/2014 19:16:27	Gathering user-defined data types
10/13/2014 19:16:27	Gathering user-defined types
10/13/2014 19:16:27	Gathering table types
10/13/2014 19:16:27	Gathering unique keys for table types
10/13/2014 19:16:27	Gathering primary keys for table types
10/13/2014 19:16:27	Gathering check constraints for table types
10/13/2014 19:16:27	Gathering default constraints for table types
10/13/2014 19:16:27	Gathering partition functions
10/13/2014 19:16:27	Gathering partition schemes
10/13/2014 19:16:27	Gathering functions
10/13/2014 19:16:27	Gathering encrypted functions
10/13/2014 19:16:27	Gathering aggregates
10/13/2014 19:16:27	Gathering procedures
10/13/2014 19:16:28	Gathering encrypted procedures
10/13/2014 19:16:28	Gathering tables
10/13/2014 19:16:28	Gathering primary keys
10/13/2014 19:16:28	Gathering unique constraints
10/13/2014 19:16:28	Gathering foreign keys
10/13/2014 19:16:28	Gathering default constraints
10/13/2014 19:16:28	Gathering check constraints
10/13/2014 19:16:28	Gathering views
10/13/2014 19:16:28	Gathering encrypted views
10/13/2014 19:16:28	Gathering indexes
10/13/2014 19:16:28	Gathering statistics
10/13/2014 19:16:28	Gathering full-text index stoplists
10/13/2014 19:16:28	Gathering full-text indexes
10/13/2014 19:16:28	Gathering spatial indexes
10/13/2014 19:16:28	Gathering XML indexes
10/13/2014 19:16:28	Gathering encrypted triggers
10/13/2014 19:16:28	Gathering triggers
10/13/2014 19:16:28	Gathering encrypted and clr ddl triggers
10/13/2014 19:16:28	Gathering ddl triggers
10/13/2014 19:16:28	Gathering synonyms
10/13/2014 19:16:28	Gathering defaults
10/13/2014 19:16:28	Gathering data constraint uddt bindings
10/13/2014 19:16:28	Gathering rules
10/13/2014 19:16:28	Gathering data constraint uddt bindings
10/13/2014 19:16:28	Gathering message types
10/13/2014 19:16:28	Gathering queues
10/13/2014 19:16:28	Gathering contracts
10/13/2014 19:16:28	Gathering services
10/13/2014 19:16:28	Gathering event notifications
10/13/2014 19:16:28	Gathering remote service bindings
10/13/2014 19:16:28	Gathering broker priorities
10/13/2014 19:16:28	Gathering signatures
10/13/2014 19:16:28	Gathering data compression options
10/13/2014 19:16:28	Gathering extended properties
10/13/2014 19:16:28	Gathering credentials
10/13/2014 19:16:28	Gathering logins
10/13/2014 19:16:28	Gathering server audits
10/13/2014 19:16:29	Scanning project for duplicate elements
10/13/2014 19:16:29	Finished duplicate element processing
10/13/2014 19:16:30	Finished importing database.
10/13/2014 19:16:30	A summary of the import was saved to the following location: D:\Projects\Training\ASP.NET\Uni\UniDB\Import Schema Logs\UniDB_20141013041622.log
10/13/2014 19:16:30	Click Finish to continue...
